[debug] [2021-05-15T19:34:48.054Z] ----------------------------------------------------------------------
[debug] [2021-05-15T19:34:48.059Z] Command:       C:\Program Files\nodejs\node.exe C:\Users\delll\AppData\Roaming\npm\node_modules\firebase-tools\lib\bin\firebase.js init
[debug] [2021-05-15T19:34:48.059Z] CLI Version:   9.10.2
[debug] [2021-05-15T19:34:48.060Z] Platform:      win32
[debug] [2021-05-15T19:34:48.060Z] Node Version:  v12.14.0
[debug] [2021-05-15T19:34:48.062Z] Time:          Sun May 16 2021 01:04:48 GMT+0530 (India Standard Time)
[debug] [2021-05-15T19:34:48.062Z] ----------------------------------------------------------------------
[debug] 
[debug] [2021-05-15T19:34:48.077Z] > command requires scopes: ["email","openid","https://www.googleapis.com/auth/cloudplatformprojects.readonly","https://www.googleapis.com/auth/firebase","https://www.googleapis.com/auth/cloud-platform"]
[debug] [2021-05-15T19:34:48.078Z] > authorizing via signed-in user (jeetu.godiyal@gmail.com)
[info] 
     ######## #### ########  ######## ########     ###     ######  ########
     ##        ##  ##     ## ##       ##     ##  ##   ##  ##       ##
     ######    ##  ########  ######   ########  #########  ######  ######
     ##        ##  ##    ##  ##       ##     ## ##     ##       ## ##
     ##       #### ##     ## ######## ########  ##     ##  ######  ########

You're about to initialize a Firebase project in this directory:

  D:\anysoftech

[info] 
=== Project Setup
[info] 
[info] First, let's associate this project directory with a Firebase project.
[info] You can create multiple project aliases by running firebase use --add, 
[info] but for now we'll just set up a default project.
[info] 
[debug] [2021-05-15T19:35:50.930Z] >>> [apiv2][query] GET https://firebase.googleapis.com/v1beta1/projects pageSize=100
[debug] [2021-05-15T19:35:51.800Z] <<< [apiv2][status] GET https://firebase.googleapis.com/v1beta1/projects 200
[debug] [2021-05-15T19:35:51.801Z] <<< [apiv2][body] GET https://firebase.googleapis.com/v1beta1/projects [omitted]
[info] i  Using project anysoftech-685a0 (anysoftech) 
[info] 
=== Hosting Setup
[info] 
[info] Your public directory is the folder (relative to your project directory) that
[info] will contain Hosting assets to be uploaded with firebase deploy. If you
[info] have a build process for your assets, use your build's output directory.
[info] 
[debug] [2021-05-15T19:36:47.444Z] >>> [apiv2][query] GET https://www.gstatic.com/firebasejs/releases.json [none]
[debug] [2021-05-15T19:36:47.822Z] <<< [apiv2][status] GET https://www.gstatic.com/firebasejs/releases.json 200
[debug] [2021-05-15T19:36:47.822Z] <<< [apiv2][body] GET https://www.gstatic.com/firebasejs/releases.json {"current":{"version":"8.6.1","browserURL":"https://www.gstatic.com/firebasejs/8.6.1/firebase.js","packageURL":"https://www.gstatic.com/firebasejs/8.6.1/firebase.tgz"},"live":{"version":"8.6","browserURL":"https://www.gstatic.com/firebasejs/live/8.6/firebase.js","packageURL":"https://www.gstatic.com/firebasejs/live/8.6/firebase.tgz"},"components":{"analytics":"https://www.gstatic.com/firebasejs/8.6.1/firebase-analytics.js","app":"https://www.gstatic.com/firebasejs/8.6.1/firebase-app.js","app-check":"https://www.gstatic.com/firebasejs/8.6.1/firebase-app-check.js","auth":"https://www.gstatic.com/firebasejs/8.6.1/firebase-auth.js","database":"https://www.gstatic.com/firebasejs/8.6.1/firebase-database.js","firestore":"https://www.gstatic.com/firebasejs/8.6.1/firebase-firestore.js","functions":"https://www.gstatic.com/firebasejs/8.6.1/firebase-functions.js","installations":"https://www.gstatic.com/firebasejs/8.6.1/firebase-installations.js","messaging":"https://www.gstatic.com/firebasejs/8.6.1/firebase-messaging.js","storage":"https://www.gstatic.com/firebasejs/8.6.1/firebase-storage.js","performance":"https://www.gstatic.com/firebasejs/8.6.1/firebase-performance.js","remote-config":"https://www.gstatic.com/firebasejs/8.6.1/firebase-remote-config.js","firestore.memory":"https://www.gstatic.com/firebasejs/8.6.1/firebase-firestore.memory.js"}}
[info] +  Wrote public/index.html 
[info] 
[info] i  Didn't detect a .git folder. Assuming D:\anysoftech is the project root. 
[info] i  Authorizing with GitHub to upload your service account to a GitHub repository's secrets store. 
[info] 
[info] Visit this URL on this device to log in:
[info] https://github.com/login/oauth/authorize?client_id=89cf50f02ac6aaed3484&state=501100476&redirect_uri=http%3A%2F%2Flocalhost%3A9005&scope=read%3Auser%20repo%20public_repo
[info] 
[info] Waiting for authentication...
[debug] [2021-05-15T19:37:50.415Z] >>> HTTP REQUEST POST https://github.com/login/oauth/access_token  
 {"client_id":"89cf50f02ac6aaed3484","client_secret":"3330d14abc895d9a74d5f17cd7a00711fa2c5bf0","code":"934d4ad7d56a96920f1e","redirect_uri":"http://localhost:9005","state":"501100476"}
[debug] [2021-05-15T19:37:50.949Z] <<< HTTP RESPONSE 200 {"server":"GitHub.com","date":"Sat, 15 May 2021 19:37:49 GMT","content-type":"application/json; charset=utf-8","transfer-encoding":"chunked","vary":"X-PJAX, Accept-Encoding, Accept, X-Requested-With","permissions-policy":"interest-cohort=()","etag":"W/\"37908743ffd8cb3ac0b73f86859cb49b\"","cache-control":"max-age=0, private, must-revalidate","strict-transport-security":"max-age=31536000; includeSubdomains; preload","x-frame-options":"deny","x-content-type-options":"nosniff","x-xss-protection":"0","referrer-policy":"origin-when-cross-origin, strict-origin-when-cross-origin","expect-ct":"max-age=2592000, report-uri=\"https://api.github.com/_private/browser/errors\"","content-security-policy":"default-src 'none'; base-uri 'self'; block-all-mixed-content; connect-src 'self' uploads.github.com www.githubstatus.com collector.githubapp.com api.github.com github-cloud.s3.amazonaws.com github-production-repository-file-5c1aeb.s3.amazonaws.com github-production-upload-manifest-file-7fdce7.s3.amazonaws.com github-production-user-asset-6210df.s3.amazonaws.com cdn.optimizely.com logx.optimizely.com/v1/events wss://alive.github.com; font-src github.githubassets.com; form-action 'self' github.com gist.github.com; frame-ancestors 'none'; frame-src render.githubusercontent.com; img-src 'self' data: github.githubassets.com identicons.github.com collector.githubapp.com github-cloud.s3.amazonaws.com secured-user-images.githubusercontent.com/ *.githubusercontent.com; manifest-src 'self'; media-src 'none'; script-src github.githubassets.com; style-src 'unsafe-inline' github.githubassets.com; worker-src github.com/socket-worker-3f088aa2.js gist.github.com/socket-worker-3f088aa2.js","x-github-request-id":"1CFD:753B:4CB382:546ADA:60A0230D"}
[debug] [2021-05-15T19:37:50.959Z] >>> [apiv2][query] GET https://api.github.com/user [none]
[debug] [2021-05-15T19:37:51.598Z] <<< [apiv2][status] GET https://api.github.com/user 200
[debug] [2021-05-15T19:37:51.599Z] <<< [apiv2][body] GET https://api.github.com/user {"login":"g2godiyal","id":39375694,"node_id":"MDQ6VXNlcjM5Mzc1Njk0","avatar_url":"https://avatars.githubusercontent.com/u/39375694?v=4","gravatar_id":"","url":"https://api.github.com/users/g2godiyal","html_url":"https://github.com/g2godiyal","followers_url":"https://api.github.com/users/g2godiyal/followers","following_url":"https://api.github.com/users/g2godiyal/following{/other_user}","gists_url":"https://api.github.com/users/g2godiyal/gists{/gist_id}","starred_url":"https://api.github.com/users/g2godiyal/starred{/owner}{/repo}","subscriptions_url":"https://api.github.com/users/g2godiyal/subscriptions","organizations_url":"https://api.github.com/users/g2godiyal/orgs","repos_url":"https://api.github.com/users/g2godiyal/repos","events_url":"https://api.github.com/users/g2godiyal/events{/privacy}","received_events_url":"https://api.github.com/users/g2godiyal/received_events","type":"User","site_admin":false,"name":null,"company":null,"blog":"","location":null,"email":null,"hireable":null,"bio":null,"twitter_username":null,"public_repos":1,"public_gists":0,"followers":0,"following":1,"created_at":"2018-05-17T13:14:52Z","updated_at":"2021-05-15T19:37:48Z","private_gists":0,"total_private_repos":5,"owned_private_repos":5,"disk_usage":73682,"collaborators":0,"two_factor_authentication":false,"plan":{"name":"free","space":976562499,"collaborators":0,"private_repos":10000}}
[info] 
[info] +  Success! Logged into GitHub as g2godiyal 
[info] 
